<?xml version="1.0" encoding="UTF-8"?>
<!-- Generated by org.testng.reporters.JUnitReportReporter -->
<testsuite skipped="0" hostname="LAPTOP-0IR3E2TJ" name="dataproviders.TestNG_DataProviders" tests="3" failures="0" timestamp="17 Nov 2018 19:41:41 GMT" time="0.018" errors="0">
  <testcase name="testMethod1" time="0.002" classname="dataproviders.TestNG_DataProviders"/>
  <testcase name="testMethod1" time="0.002" classname="dataproviders.TestNG_DataProviders"/>
  <testcase name="testMethod1" time="0.014" classname="dataproviders.TestNG_DataProviders"/>
</testsuite> <!-- dataproviders.TestNG_DataProviders -->
