<?xml version="1.0" encoding="UTF-8"?>
<!-- Generated by org.testng.reporters.JUnitReportReporter -->
<testsuite skipped="0" hostname="LAPTOP-0IR3E2TJ" name="test.POM_Factory_2_Static" tests="1" failures="0" timestamp="17 Nov 2018 02:00:17 GMT" time="17.176" errors="0">
  <testcase name="test" time="17.176" classname="test.POM_Factory_2_Static"/>
</testsuite> <!-- test.POM_Factory_2_Static -->
