<?xml version="1.0" encoding="UTF-8"?>
<!-- Generated by org.testng.reporters.JUnitReportReporter -->
<testsuite skipped="0" hostname="LAPTOP-0IR3E2TJ" name="test.PageObjectModelWithPage_1" tests="1" failures="0" timestamp="14 Nov 2018 21:08:02 GMT" time="15.419" errors="0">
  <testcase name="test" time="15.419" classname="test.PageObjectModelWithPage_1"/>
</testsuite> <!-- test.PageObjectModelWithPage_1 -->
