<?xml version="1.0" encoding="UTF-8"?>
<!-- Generated by org.testng.reporters.JUnitReportReporter -->
<testsuite skipped="0" hostname="LAPTOP-0IR3E2TJ" name="test.NoFrameworkTest" tests="1" failures="0" timestamp="17 Nov 2018 00:52:02 GMT" time="24.690" errors="0">
  <testcase name="test" time="24.690" classname="test.NoFrameworkTest"/>
</testsuite> <!-- test.NoFrameworkTest -->
