<?xml version="1.0" encoding="UTF-8"?>
<!-- Generated by org.testng.reporters.JUnitReportReporter -->
<testsuite skipped="0" hostname="LAPTOP-0IR3E2TJ" name="test.POM_Factory_1_Obj" tests="2" failures="0" timestamp="18 Nov 2018 14:15:56 GMT" time="45.705" errors="0">
  <testcase name="test" time="21.990" classname="test.POM_Factory_1_Obj"/>
  <testcase name="test" time="23.715" classname="test.POM_Factory_1_Obj"/>
</testsuite> <!-- test.POM_Factory_1_Obj -->
