<?xml version="1.0" encoding="UTF-8"?>
<!-- Generated by org.testng.reporters.JUnitReportReporter -->
<testsuite skipped="0" hostname="LAPTOP-0IR3E2TJ" name="test.PageFactoryObjectModel" tests="1" failures="0" timestamp="14 Nov 2018 22:16:02 GMT" time="15.961" errors="0">
  <testcase name="test" time="15.961" classname="test.PageFactoryObjectModel"/>
</testsuite> <!-- test.PageFactoryObjectModel -->
