<?xml version="1.0" encoding="UTF-8"?>
<!-- Generated by org.testng.reporters.JUnitReportReporter -->
<testsuite skipped="0" hostname="LAPTOP-0IR3E2TJ" name="test.POM_Page_1_Obj" tests="1" failures="0" timestamp="14 Nov 2018 23:18:29 GMT" time="25.785" errors="0">
  <testcase name="test" time="25.785" classname="test.POM_Page_1_Obj"/>
</testsuite> <!-- test.POM_Page_1_Obj -->
