<?xml version="1.0" encoding="UTF-8"?>
<!-- Generated by org.testng.reporters.JUnitReportReporter -->
<testsuite skipped="0" hostname="LAPTOP-0IR3E2TJ" name="test.PageFactoryObjectModelWithoutFactoryStatic" tests="1" failures="0" timestamp="14 Nov 2018 22:34:21 GMT" time="20.680" errors="0">
  <testcase name="test" time="20.680" classname="test.PageFactoryObjectModelWithoutFactoryStatic"/>
</testsuite> <!-- test.PageFactoryObjectModelWithoutFactoryStatic -->
