<?xml version="1.0" encoding="UTF-8"?>
<!-- Generated by org.testng.reporters.JUnitReportReporter -->
<testsuite skipped="0" hostname="LAPTOP-0IR3E2TJ" name="test.POM_Page_2_Static" tests="1" failures="0" timestamp="14 Nov 2018 23:23:45 GMT" time="44.823" errors="0">
  <testcase name="test" time="44.823" classname="test.POM_Page_2_Static"/>
</testsuite> <!-- test.POM_Page_2_Static -->
