<?xml version="1.0" encoding="UTF-8"?>
<!-- Generated by org.testng.reporters.JUnitReportReporter -->
<testsuite skipped="0" hostname="LAPTOP-0IR3E2TJ" name="test.PageObjectModelWithoutStatic" tests="1" failures="0" timestamp="14 Nov 2018 21:51:31 GMT" time="23.148" errors="0">
  <testcase name="test" time="23.148" classname="test.PageObjectModelWithoutStatic"/>
</testsuite> <!-- test.PageObjectModelWithoutStatic -->
